<?xml version="1.0" encoding="UTF-8"?>
<!-- Generated by org.testng.reporters.JUnitXMLReporter -->
<testsuite ignored="0" hostname="Bharathiraj-PC" failures="1" tests="7" name="ZiriusTest" time="89.496" errors="0" timestamp="2020-08-13T01:37:07 IST">
  <testcase classname="com.zirius.qa.tests.HomePageTest" name="verifyAboutUsContent" time="0.731">
    <failure type="java.lang.AssertionError" message="The following asserts failed:
	expected [About U] but found [About Us.]">
      <![CDATA[java.lang.AssertionError: The following asserts failed:
expected [About U] but found [About Us.]
at com.zirius.qa.pages.HomePage.verifyAboutUsDescription(HomePage.java:173)
at com.zirius.qa.tests.HomePageTest.verifyAboutUsContent(HomePageTest.java:34)
at java.base/java.util.ArrayList.forEach(ArrayList.java:1540)
... Removed 28 stack frames]]>
    </failure>
  </testcase> <!-- verifyAboutUsContent -->
  <testcase classname="com.zirius.qa.tests.HomePageTest" name="verifyJobsContent" time="0.515"/>
  <testcase classname="com.zirius.qa.tests.HomePageTest" name="fillContactUsFormField" time="4.028"/>
  <testcase classname="com.zirius.qa.tests.HomePageTest" name="fillContactUsFormField" time="3.64"/>
  <testcase classname="com.zirius.qa.tests.HomePageTest" name="fillContactUsFormField" time="3.993"/>
  <testcase classname="com.zirius.qa.tests.HomePageTest" name="fillContactUsFormField" time="4.284"/>
  <testcase classname="com.zirius.qa.tests.HomePageTest" name="fillContactUsFormField" time="3.922"/>
</testsuite> <!-- ZiriusTest -->
